<?xml version="1.0" encoding="UTF-8"?>
<testng-results ignored="0" total="1" passed="1" failed="0" skipped="0">
  <reporter-output>
  </reporter-output>
  <suite started-at="2023-06-30T15:33:01 IST" name="Default suite" finished-at="2023-06-30T15:33:23 IST" duration-ms="22251">
    <groups>
    </groups>
    <test started-at="2023-06-30T15:33:01 IST" name="Default test" finished-at="2023-06-30T15:33:23 IST" duration-ms="22251">
      <class name="practice.MobileAppTest">
        <test-method signature="mobileAppTest()[pri:0, instance:practice.MobileAppTest@5149d738]" started-at="2023-06-30T15:33:01 IST" name="mobileAppTest" finished-at="2023-06-30T15:33:23 IST" duration-ms="22201" status="PASS">
          <reporter-output>
          </reporter-output>
        </test-method> <!-- mobileAppTest -->
      </class> <!-- practice.MobileAppTest -->
    </test> <!-- Default test -->
  </suite> <!-- Default suite -->
</testng-results>
